The system is: Linux - 5.3.18-24.75_10.0.189-cray_shasta_c - x86_64
Compiling the CXX compiler identification source file "CMakeCXXCompilerId.cpp" succeeded.
Compiler: /opt/cray/pe/gcc/11.2.0/bin/c++ 
Build flags: -O3;-Wall;-Wextra
Id flags:  

The output was:
0


Compilation of the CXX compiler identification source "CMakeCXXCompilerId.cpp" produced "a.out"

The CXX compiler identification is GNU, found in "/home/yx7184/ADSALA/ADSALA/data_collect/real 500M new/CMakeFiles/3.17.0/CompilerIdCXX/a.out"

Determining if the CXX compiler works passed with the following output:
Change Dir: /home/yx7184/ADSALA/ADSALA/data_collect/real 500M new/CMakeFiles/CMakeTmp

Run Build Command(s):/usr/bin/gmake cmTC_671e1/fast && /usr/bin/gmake -f CMakeFiles/cmTC_671e1.dir/build.make CMakeFiles/cmTC_671e1.dir/build
gmake[1]: Entering directory '/home/yx7184/ADSALA/ADSALA/data_collect/real 500M new/CMakeFiles/CMakeTmp'
Building CXX object CMakeFiles/cmTC_671e1.dir/testCXXCompiler.cxx.o
/opt/cray/pe/gcc/11.2.0/bin/c++    -O3 -Wall -Wextra    -std=gnu++11 -o CMakeFiles/cmTC_671e1.dir/testCXXCompiler.cxx.o -c "/home/yx7184/ADSALA/ADSALA/data_collect/real 500M new/CMakeFiles/CMakeTmp/testCXXCompiler.cxx"
Linking CXX executable cmTC_671e1
/usr/bin/cmake -E cmake_link_script CMakeFiles/cmTC_671e1.dir/link.txt --verbose=1
/opt/cray/pe/gcc/11.2.0/bin/c++  -O3 -Wall -Wextra     CMakeFiles/cmTC_671e1.dir/testCXXCompiler.cxx.o  -o cmTC_671e1 
gmake[1]: Leaving directory '/home/yx7184/ADSALA/ADSALA/data_collect/real 500M new/CMakeFiles/CMakeTmp'



Detecting CXX compiler ABI info compiled with the following output:
Change Dir: /home/yx7184/ADSALA/ADSALA/data_collect/real 500M new/CMakeFiles/CMakeTmp

Run Build Command(s):/usr/bin/gmake cmTC_88ec3/fast && /usr/bin/gmake -f CMakeFiles/cmTC_88ec3.dir/build.make CMakeFiles/cmTC_88ec3.dir/build
gmake[1]: Entering directory '/home/yx7184/ADSALA/ADSALA/data_collect/real 500M new/CMakeFiles/CMakeTmp'
Building CXX object CMakeFiles/cmTC_88ec3.dir/CMakeCXXCompilerABI.cpp.o
/opt/cray/pe/gcc/11.2.0/bin/c++    -O3 -Wall -Wextra    -v -std=gnu++11 -o CMakeFiles/cmTC_88ec3.dir/CMakeCXXCompilerABI.cpp.o -c /usr/share/cmake/Modules/CMakeCXXCompilerABI.cpp
Using built-in specs.
COLLECT_GCC=/opt/cray/pe/gcc/11.2.0/bin/../snos/bin/c++
Target: x86_64-suse-linux
Configured with: ../cpe-gcc-11.2.0-202108140355.9bf1fd589a5c1/configure --prefix=/opt/cray/pe/gcc/11.2.0/snos --disable-nls --libdir=/opt/cray/pe/gcc/11.2.0/snos/lib --enable-languages=c,c++,fortran --with-gxx-include-dir=/opt/cray/pe/gcc/11.2.0/snos/include/g++ --with-slibdir=/opt/cray/pe/gcc/11.2.0/snos/lib --with-system-zlib --enable-shared --enable-__cxa_atexit --build=x86_64-suse-linux --with-ppl --with-cloog --disable-multilib
Thread model: posix
Supported LTO compression algorithms: zlib
gcc version 11.2.0 20210728 (Cray Inc.) (GCC) 
COLLECT_GCC_OPTIONS='-O3' '-Wall' '-Wextra' '-v' '-std=gnu++11' '-o' 'CMakeFiles/cmTC_88ec3.dir/CMakeCXXCompilerABI.cpp.o' '-c' '-shared-libgcc' '-mtune=generic' '-march=x86-64' '-dumpdir' 'CMakeFiles/cmTC_88ec3.dir/'
 /opt/cray/pe/gcc/11.2.0/snos/libexec/gcc/x86_64-suse-linux/11.2.0/cc1plus -quiet -v -D_GNU_SOURCE /usr/share/cmake/Modules/CMakeCXXCompilerABI.cpp -quiet -dumpdir CMakeFiles/cmTC_88ec3.dir/ -dumpbase CMakeCXXCompilerABI.cpp.cpp -dumpbase-ext .cpp -mtune=generic -march=x86-64 -O3 -Wall -Wextra -std=gnu++11 -version -o /tmp/cc5FOyG5.s
GNU C++11 (GCC) version 11.2.0 20210728 (Cray Inc.) (x86_64-suse-linux)
	compiled by GNU C version 11.2.0 20210728 (Cray Inc.), GMP version 6.0.0, MPFR version 3.1.3, MPC version 1.0.3, isl version isl-0.15-GMP

GGC heuristics: --param ggc-min-expand=100 --param ggc-min-heapsize=131072
ignoring nonexistent directory "/opt/cray/pe/gcc/11.2.0/snos/lib/gcc/x86_64-suse-linux/11.2.0/../../../../x86_64-suse-linux/include"
#include "..." search starts here:
#include <...> search starts here:
 /opt/cray/pe/gcc/11.2.0/snos/include/g++
 /opt/cray/pe/gcc/11.2.0/snos/include/g++/x86_64-suse-linux
 /opt/cray/pe/gcc/11.2.0/snos/include/g++/backward
 /opt/cray/pe/gcc/11.2.0/snos/lib/gcc/x86_64-suse-linux/11.2.0/include
 /usr/local/include
 /opt/cray/pe/gcc/11.2.0/snos/include
 /opt/cray/pe/gcc/11.2.0/snos/lib/gcc/x86_64-suse-linux/11.2.0/include-fixed
 /usr/include
End of search list.
GNU C++11 (GCC) version 11.2.0 20210728 (Cray Inc.) (x86_64-suse-linux)
	compiled by GNU C version 11.2.0 20210728 (Cray Inc.), GMP version 6.0.0, MPFR version 3.1.3, MPC version 1.0.3, isl version isl-0.15-GMP

GGC heuristics: --param ggc-min-expand=100 --param ggc-min-heapsize=131072
Compiler executable checksum: 3d4a383112e4401915c216e400980bff
COLLECT_GCC_OPTIONS='-O3' '-Wall' '-Wextra' '-v' '-std=gnu++11' '-o' 'CMakeFiles/cmTC_88ec3.dir/CMakeCXXCompilerABI.cpp.o' '-c' '-shared-libgcc' '-mtune=generic' '-march=x86-64' '-dumpdir' 'CMakeFiles/cmTC_88ec3.dir/'
 as -v --64 -o CMakeFiles/cmTC_88ec3.dir/CMakeCXXCompilerABI.cpp.o /tmp/cc5FOyG5.s
GNU assembler version 2.35.1 (x86_64-suse-linux) using BFD version (GNU Binutils; SUSE Linux Enterprise 15) 2.35.1.20201123-7.18
COMPILER_PATH=/opt/cray/pe/gcc/11.2.0/snos/libexec/gcc/x86_64-suse-linux/11.2.0/:/opt/cray/pe/gcc/11.2.0/snos/libexec/gcc/x86_64-suse-linux/11.2.0/:/opt/cray/pe/gcc/11.2.0/snos/libexec/gcc/x86_64-suse-linux/:/opt/cray/pe/gcc/11.2.0/snos/lib/gcc/x86_64-suse-linux/11.2.0/:/opt/cray/pe/gcc/11.2.0/snos/lib/gcc/x86_64-suse-linux/
LIBRARY_PATH=/opt/cray/pe/gcc/11.2.0/snos/lib/gcc/x86_64-suse-linux/11.2.0/:/opt/cray/pe/gcc/11.2.0/snos/lib/gcc/x86_64-suse-linux/11.2.0/../../../../lib64/:/lib/../lib64/:/usr/lib/../lib64/:/opt/cray/pe/gcc/11.2.0/snos/lib/gcc/x86_64-suse-linux/11.2.0/../../../:/lib/:/usr/lib/
COLLECT_GCC_OPTIONS='-O3' '-Wall' '-Wextra' '-v' '-std=gnu++11' '-o' 'CMakeFiles/cmTC_88ec3.dir/CMakeCXXCompilerABI.cpp.o' '-c' '-shared-libgcc' '-mtune=generic' '-march=x86-64' '-dumpdir' 'CMakeFiles/cmTC_88ec3.dir/CMakeCXXCompilerABI.cpp.'
Linking CXX executable cmTC_88ec3
/usr/bin/cmake -E cmake_link_script CMakeFiles/cmTC_88ec3.dir/link.txt --verbose=1
/opt/cray/pe/gcc/11.2.0/bin/c++  -O3 -Wall -Wextra    -v CMakeFiles/cmTC_88ec3.dir/CMakeCXXCompilerABI.cpp.o  -o cmTC_88ec3 
Using built-in specs.
COLLECT_GCC=/opt/cray/pe/gcc/11.2.0/bin/../snos/bin/c++
COLLECT_LTO_WRAPPER=/opt/cray/pe/gcc/11.2.0/snos/libexec/gcc/x86_64-suse-linux/11.2.0/lto-wrapper
Target: x86_64-suse-linux
Configured with: ../cpe-gcc-11.2.0-202108140355.9bf1fd589a5c1/configure --prefix=/opt/cray/pe/gcc/11.2.0/snos --disable-nls --libdir=/opt/cray/pe/gcc/11.2.0/snos/lib --enable-languages=c,c++,fortran --with-gxx-include-dir=/opt/cray/pe/gcc/11.2.0/snos/include/g++ --with-slibdir=/opt/cray/pe/gcc/11.2.0/snos/lib --with-system-zlib --enable-shared --enable-__cxa_atexit --build=x86_64-suse-linux --with-ppl --with-cloog --disable-multilib
Thread model: posix
Supported LTO compression algorithms: zlib
gcc version 11.2.0 20210728 (Cray Inc.) (GCC) 
COMPILER_PATH=/opt/cray/pe/gcc/11.2.0/snos/libexec/gcc/x86_64-suse-linux/11.2.0/:/opt/cray/pe/gcc/11.2.0/snos/libexec/gcc/x86_64-suse-linux/11.2.0/:/opt/cray/pe/gcc/11.2.0/snos/libexec/gcc/x86_64-suse-linux/:/opt/cray/pe/gcc/11.2.0/snos/lib/gcc/x86_64-suse-linux/11.2.0/:/opt/cray/pe/gcc/11.2.0/snos/lib/gcc/x86_64-suse-linux/
LIBRARY_PATH=/opt/cray/pe/gcc/11.2.0/snos/lib/gcc/x86_64-suse-linux/11.2.0/:/opt/cray/pe/gcc/11.2.0/snos/lib/gcc/x86_64-suse-linux/11.2.0/../../../../lib64/:/lib/../lib64/:/usr/lib/../lib64/:/opt/cray/pe/gcc/11.2.0/snos/lib/gcc/x86_64-suse-linux/11.2.0/../../../:/lib/:/usr/lib/
COLLECT_GCC_OPTIONS='-O3' '-Wall' '-Wextra' '-v' '-o' 'cmTC_88ec3' '-shared-libgcc' '-mtune=generic' '-march=x86-64' '-dumpdir' 'cmTC_88ec3.'
 /opt/cray/pe/gcc/11.2.0/snos/libexec/gcc/x86_64-suse-linux/11.2.0/collect2 -plugin /opt/cray/pe/gcc/11.2.0/snos/libexec/gcc/x86_64-suse-linux/11.2.0/liblto_plugin.so -plugin-opt=/opt/cray/pe/gcc/11.2.0/snos/libexec/gcc/x86_64-suse-linux/11.2.0/lto-wrapper -plugin-opt=-fresolution=/tmp/cclejc17.res -plugin-opt=-pass-through=-lgcc_s -plugin-opt=-pass-through=-lgcc -plugin-opt=-pass-through=-lc -plugin-opt=-pass-through=-lgcc_s -plugin-opt=-pass-through=-lgcc --eh-frame-hdr -m elf_x86_64 -dynamic-linker /lib64/ld-linux-x86-64.so.2 -o cmTC_88ec3 /usr/lib/../lib64/crt1.o /usr/lib/../lib64/crti.o /opt/cray/pe/gcc/11.2.0/snos/lib/gcc/x86_64-suse-linux/11.2.0/crtbegin.o -L/opt/cray/pe/gcc/11.2.0/snos/lib/gcc/x86_64-suse-linux/11.2.0 -L/opt/cray/pe/gcc/11.2.0/snos/lib/gcc/x86_64-suse-linux/11.2.0/../../../../lib64 -L/lib/../lib64 -L/usr/lib/../lib64 -L/opt/cray/pe/gcc/11.2.0/snos/lib/gcc/x86_64-suse-linux/11.2.0/../../.. CMakeFiles/cmTC_88ec3.dir/CMakeCXXCompilerABI.cpp.o -lstdc++ -lm -lgcc_s -lgcc -lc -lgcc_s -lgcc /opt/cray/pe/gcc/11.2.0/snos/lib/gcc/x86_64-suse-linux/11.2.0/crtend.o /usr/lib/../lib64/crtn.o
COLLECT_GCC_OPTIONS='-O3' '-Wall' '-Wextra' '-v' '-o' 'cmTC_88ec3' '-shared-libgcc' '-mtune=generic' '-march=x86-64' '-dumpdir' 'cmTC_88ec3.'
gmake[1]: Leaving directory '/home/yx7184/ADSALA/ADSALA/data_collect/real 500M new/CMakeFiles/CMakeTmp'



Parsed CXX implicit include dir info from above output: rv=done
  found start of include info
  found start of implicit include info
    add: [/opt/cray/pe/gcc/11.2.0/snos/include/g++]
    add: [/opt/cray/pe/gcc/11.2.0/snos/include/g++/x86_64-suse-linux]
    add: [/opt/cray/pe/gcc/11.2.0/snos/include/g++/backward]
    add: [/opt/cray/pe/gcc/11.2.0/snos/lib/gcc/x86_64-suse-linux/11.2.0/include]
    add: [/usr/local/include]
    add: [/opt/cray/pe/gcc/11.2.0/snos/include]
    add: [/opt/cray/pe/gcc/11.2.0/snos/lib/gcc/x86_64-suse-linux/11.2.0/include-fixed]
    add: [/usr/include]
  end of search list found
  collapse include dir [/opt/cray/pe/gcc/11.2.0/snos/include/g++] ==> [/opt/cray/pe/gcc/11.2.0/snos/include/g++]
  collapse include dir [/opt/cray/pe/gcc/11.2.0/snos/include/g++/x86_64-suse-linux] ==> [/opt/cray/pe/gcc/11.2.0/snos/include/g++/x86_64-suse-linux]
  collapse include dir [/opt/cray/pe/gcc/11.2.0/snos/include/g++/backward] ==> [/opt/cray/pe/gcc/11.2.0/snos/include/g++/backward]
  collapse include dir [/opt/cray/pe/gcc/11.2.0/snos/lib/gcc/x86_64-suse-linux/11.2.0/include] ==> [/opt/cray/pe/gcc/11.2.0/snos/lib/gcc/x86_64-suse-linux/11.2.0/include]
  collapse include dir [/usr/local/include] ==> [/usr/local/include]
  collapse include dir [/opt/cray/pe/gcc/11.2.0/snos/include] ==> [/opt/cray/pe/gcc/11.2.0/snos/include]
  collapse include dir [/opt/cray/pe/gcc/11.2.0/snos/lib/gcc/x86_64-suse-linux/11.2.0/include-fixed] ==> [/opt/cray/pe/gcc/11.2.0/snos/lib/gcc/x86_64-suse-linux/11.2.0/include-fixed]
  collapse include dir [/usr/include] ==> [/usr/include]
  implicit include dirs: [/opt/cray/pe/gcc/11.2.0/snos/include/g++;/opt/cray/pe/gcc/11.2.0/snos/include/g++/x86_64-suse-linux;/opt/cray/pe/gcc/11.2.0/snos/include/g++/backward;/opt/cray/pe/gcc/11.2.0/snos/lib/gcc/x86_64-suse-linux/11.2.0/include;/usr/local/include;/opt/cray/pe/gcc/11.2.0/snos/include;/opt/cray/pe/gcc/11.2.0/snos/lib/gcc/x86_64-suse-linux/11.2.0/include-fixed;/usr/include]


Parsed CXX implicit link information from above output:
  link line regex: [^( *|.*[/\])(ld|CMAKE_LINK_STARTFILE-NOTFOUND|([^/\]+-)?ld|collect2)[^/\]*( |$)]
  ignore line: [Change Dir: /home/yx7184/ADSALA/ADSALA/data_collect/real 500M new/CMakeFiles/CMakeTmp]
  ignore line: []
  ignore line: [Run Build Command(s):/usr/bin/gmake cmTC_88ec3/fast && /usr/bin/gmake -f CMakeFiles/cmTC_88ec3.dir/build.make CMakeFiles/cmTC_88ec3.dir/build]
  ignore line: [gmake[1]: Entering directory '/home/yx7184/ADSALA/ADSALA/data_collect/real 500M new/CMakeFiles/CMakeTmp']
  ignore line: [Building CXX object CMakeFiles/cmTC_88ec3.dir/CMakeCXXCompilerABI.cpp.o]
  ignore line: [/opt/cray/pe/gcc/11.2.0/bin/c++    -O3 -Wall -Wextra    -v -std=gnu++11 -o CMakeFiles/cmTC_88ec3.dir/CMakeCXXCompilerABI.cpp.o -c /usr/share/cmake/Modules/CMakeCXXCompilerABI.cpp]
  ignore line: [Using built-in specs.]
  ignore line: [COLLECT_GCC=/opt/cray/pe/gcc/11.2.0/bin/../snos/bin/c++]
  ignore line: [Target: x86_64-suse-linux]
  ignore line: [Configured with: ../cpe-gcc-11.2.0-202108140355.9bf1fd589a5c1/configure --prefix=/opt/cray/pe/gcc/11.2.0/snos --disable-nls --libdir=/opt/cray/pe/gcc/11.2.0/snos/lib --enable-languages=c c++ fortran --with-gxx-include-dir=/opt/cray/pe/gcc/11.2.0/snos/include/g++ --with-slibdir=/opt/cray/pe/gcc/11.2.0/snos/lib --with-system-zlib --enable-shared --enable-__cxa_atexit --build=x86_64-suse-linux --with-ppl --with-cloog --disable-multilib]
  ignore line: [Thread model: posix]
  ignore line: [Supported LTO compression algorithms: zlib]
  ignore line: [gcc version 11.2.0 20210728 (Cray Inc.) (GCC) ]
  ignore line: [COLLECT_GCC_OPTIONS='-O3' '-Wall' '-Wextra' '-v' '-std=gnu++11' '-o' 'CMakeFiles/cmTC_88ec3.dir/CMakeCXXCompilerABI.cpp.o' '-c' '-shared-libgcc' '-mtune=generic' '-march=x86-64' '-dumpdir' 'CMakeFiles/cmTC_88ec3.dir/']
  ignore line: [ /opt/cray/pe/gcc/11.2.0/snos/libexec/gcc/x86_64-suse-linux/11.2.0/cc1plus -quiet -v -D_GNU_SOURCE /usr/share/cmake/Modules/CMakeCXXCompilerABI.cpp -quiet -dumpdir CMakeFiles/cmTC_88ec3.dir/ -dumpbase CMakeCXXCompilerABI.cpp.cpp -dumpbase-ext .cpp -mtune=generic -march=x86-64 -O3 -Wall -Wextra -std=gnu++11 -version -o /tmp/cc5FOyG5.s]
  ignore line: [GNU C++11 (GCC) version 11.2.0 20210728 (Cray Inc.) (x86_64-suse-linux)]
  ignore line: [	compiled by GNU C version 11.2.0 20210728 (Cray Inc.)  GMP version 6.0.0  MPFR version 3.1.3  MPC version 1.0.3  isl version isl-0.15-GMP]
  ignore line: []
  ignore line: [GGC heuristics: --param ggc-min-expand=100 --param ggc-min-heapsize=131072]
  ignore line: [ignoring nonexistent directory "/opt/cray/pe/gcc/11.2.0/snos/lib/gcc/x86_64-suse-linux/11.2.0/../../../../x86_64-suse-linux/include"]
  ignore line: [#include "..." search starts here:]
  ignore line: [#include <...> search starts here:]
  ignore line: [ /opt/cray/pe/gcc/11.2.0/snos/include/g++]
  ignore line: [ /opt/cray/pe/gcc/11.2.0/snos/include/g++/x86_64-suse-linux]
  ignore line: [ /opt/cray/pe/gcc/11.2.0/snos/include/g++/backward]
  ignore line: [ /opt/cray/pe/gcc/11.2.0/snos/lib/gcc/x86_64-suse-linux/11.2.0/include]
  ignore line: [ /usr/local/include]
  ignore line: [ /opt/cray/pe/gcc/11.2.0/snos/include]
  ignore line: [ /opt/cray/pe/gcc/11.2.0/snos/lib/gcc/x86_64-suse-linux/11.2.0/include-fixed]
  ignore line: [ /usr/include]
  ignore line: [End of search list.]
  ignore line: [GNU C++11 (GCC) version 11.2.0 20210728 (Cray Inc.) (x86_64-suse-linux)]
  ignore line: [	compiled by GNU C version 11.2.0 20210728 (Cray Inc.)  GMP version 6.0.0  MPFR version 3.1.3  MPC version 1.0.3  isl version isl-0.15-GMP]
  ignore line: []
  ignore line: [GGC heuristics: --param ggc-min-expand=100 --param ggc-min-heapsize=131072]
  ignore line: [Compiler executable checksum: 3d4a383112e4401915c216e400980bff]
  ignore line: [COLLECT_GCC_OPTIONS='-O3' '-Wall' '-Wextra' '-v' '-std=gnu++11' '-o' 'CMakeFiles/cmTC_88ec3.dir/CMakeCXXCompilerABI.cpp.o' '-c' '-shared-libgcc' '-mtune=generic' '-march=x86-64' '-dumpdir' 'CMakeFiles/cmTC_88ec3.dir/']
  ignore line: [ as -v --64 -o CMakeFiles/cmTC_88ec3.dir/CMakeCXXCompilerABI.cpp.o /tmp/cc5FOyG5.s]
  ignore line: [GNU assembler version 2.35.1 (x86_64-suse-linux) using BFD version (GNU Binutils]
  ignore line: [ SUSE Linux Enterprise 15) 2.35.1.20201123-7.18]
  ignore line: [COMPILER_PATH=/opt/cray/pe/gcc/11.2.0/snos/libexec/gcc/x86_64-suse-linux/11.2.0/:/opt/cray/pe/gcc/11.2.0/snos/libexec/gcc/x86_64-suse-linux/11.2.0/:/opt/cray/pe/gcc/11.2.0/snos/libexec/gcc/x86_64-suse-linux/:/opt/cray/pe/gcc/11.2.0/snos/lib/gcc/x86_64-suse-linux/11.2.0/:/opt/cray/pe/gcc/11.2.0/snos/lib/gcc/x86_64-suse-linux/]
  ignore line: [LIBRARY_PATH=/opt/cray/pe/gcc/11.2.0/snos/lib/gcc/x86_64-suse-linux/11.2.0/:/opt/cray/pe/gcc/11.2.0/snos/lib/gcc/x86_64-suse-linux/11.2.0/../../../../lib64/:/lib/../lib64/:/usr/lib/../lib64/:/opt/cray/pe/gcc/11.2.0/snos/lib/gcc/x86_64-suse-linux/11.2.0/../../../:/lib/:/usr/lib/]
  ignore line: [COLLECT_GCC_OPTIONS='-O3' '-Wall' '-Wextra' '-v' '-std=gnu++11' '-o' 'CMakeFiles/cmTC_88ec3.dir/CMakeCXXCompilerABI.cpp.o' '-c' '-shared-libgcc' '-mtune=generic' '-march=x86-64' '-dumpdir' 'CMakeFiles/cmTC_88ec3.dir/CMakeCXXCompilerABI.cpp.']
  ignore line: [Linking CXX executable cmTC_88ec3]
  ignore line: [/usr/bin/cmake -E cmake_link_script CMakeFiles/cmTC_88ec3.dir/link.txt --verbose=1]
  ignore line: [/opt/cray/pe/gcc/11.2.0/bin/c++  -O3 -Wall -Wextra    -v CMakeFiles/cmTC_88ec3.dir/CMakeCXXCompilerABI.cpp.o  -o cmTC_88ec3 ]
  ignore line: [Using built-in specs.]
  ignore line: [COLLECT_GCC=/opt/cray/pe/gcc/11.2.0/bin/../snos/bin/c++]
  ignore line: [COLLECT_LTO_WRAPPER=/opt/cray/pe/gcc/11.2.0/snos/libexec/gcc/x86_64-suse-linux/11.2.0/lto-wrapper]
  ignore line: [Target: x86_64-suse-linux]
  ignore line: [Configured with: ../cpe-gcc-11.2.0-202108140355.9bf1fd589a5c1/configure --prefix=/opt/cray/pe/gcc/11.2.0/snos --disable-nls --libdir=/opt/cray/pe/gcc/11.2.0/snos/lib --enable-languages=c c++ fortran --with-gxx-include-dir=/opt/cray/pe/gcc/11.2.0/snos/include/g++ --with-slibdir=/opt/cray/pe/gcc/11.2.0/snos/lib --with-system-zlib --enable-shared --enable-__cxa_atexit --build=x86_64-suse-linux --with-ppl --with-cloog --disable-multilib]
  ignore line: [Thread model: posix]
  ignore line: [Supported LTO compression algorithms: zlib]
  ignore line: [gcc version 11.2.0 20210728 (Cray Inc.) (GCC) ]
  ignore line: [COMPILER_PATH=/opt/cray/pe/gcc/11.2.0/snos/libexec/gcc/x86_64-suse-linux/11.2.0/:/opt/cray/pe/gcc/11.2.0/snos/libexec/gcc/x86_64-suse-linux/11.2.0/:/opt/cray/pe/gcc/11.2.0/snos/libexec/gcc/x86_64-suse-linux/:/opt/cray/pe/gcc/11.2.0/snos/lib/gcc/x86_64-suse-linux/11.2.0/:/opt/cray/pe/gcc/11.2.0/snos/lib/gcc/x86_64-suse-linux/]
  ignore line: [LIBRARY_PATH=/opt/cray/pe/gcc/11.2.0/snos/lib/gcc/x86_64-suse-linux/11.2.0/:/opt/cray/pe/gcc/11.2.0/snos/lib/gcc/x86_64-suse-linux/11.2.0/../../../../lib64/:/lib/../lib64/:/usr/lib/../lib64/:/opt/cray/pe/gcc/11.2.0/snos/lib/gcc/x86_64-suse-linux/11.2.0/../../../:/lib/:/usr/lib/]
  ignore line: [COLLECT_GCC_OPTIONS='-O3' '-Wall' '-Wextra' '-v' '-o' 'cmTC_88ec3' '-shared-libgcc' '-mtune=generic' '-march=x86-64' '-dumpdir' 'cmTC_88ec3.']
  link line: [ /opt/cray/pe/gcc/11.2.0/snos/libexec/gcc/x86_64-suse-linux/11.2.0/collect2 -plugin /opt/cray/pe/gcc/11.2.0/snos/libexec/gcc/x86_64-suse-linux/11.2.0/liblto_plugin.so -plugin-opt=/opt/cray/pe/gcc/11.2.0/snos/libexec/gcc/x86_64-suse-linux/11.2.0/lto-wrapper -plugin-opt=-fresolution=/tmp/cclejc17.res -plugin-opt=-pass-through=-lgcc_s -plugin-opt=-pass-through=-lgcc -plugin-opt=-pass-through=-lc -plugin-opt=-pass-through=-lgcc_s -plugin-opt=-pass-through=-lgcc --eh-frame-hdr -m elf_x86_64 -dynamic-linker /lib64/ld-linux-x86-64.so.2 -o cmTC_88ec3 /usr/lib/../lib64/crt1.o /usr/lib/../lib64/crti.o /opt/cray/pe/gcc/11.2.0/snos/lib/gcc/x86_64-suse-linux/11.2.0/crtbegin.o -L/opt/cray/pe/gcc/11.2.0/snos/lib/gcc/x86_64-suse-linux/11.2.0 -L/opt/cray/pe/gcc/11.2.0/snos/lib/gcc/x86_64-suse-linux/11.2.0/../../../../lib64 -L/lib/../lib64 -L/usr/lib/../lib64 -L/opt/cray/pe/gcc/11.2.0/snos/lib/gcc/x86_64-suse-linux/11.2.0/../../.. CMakeFiles/cmTC_88ec3.dir/CMakeCXXCompilerABI.cpp.o -lstdc++ -lm -lgcc_s -lgcc -lc -lgcc_s -lgcc /opt/cray/pe/gcc/11.2.0/snos/lib/gcc/x86_64-suse-linux/11.2.0/crtend.o /usr/lib/../lib64/crtn.o]
    arg [/opt/cray/pe/gcc/11.2.0/snos/libexec/gcc/x86_64-suse-linux/11.2.0/collect2] ==> ignore
    arg [-plugin] ==> ignore
    arg [/opt/cray/pe/gcc/11.2.0/snos/libexec/gcc/x86_64-suse-linux/11.2.0/liblto_plugin.so] ==> ignore
    arg [-plugin-opt=/opt/cray/pe/gcc/11.2.0/snos/libexec/gcc/x86_64-suse-linux/11.2.0/lto-wrapper] ==> ignore
    arg [-plugin-opt=-fresolution=/tmp/cclejc17.res] ==> ignore
    arg [-plugin-opt=-pass-through=-lgcc_s] ==> ignore
    arg [-plugin-opt=-pass-through=-lgcc] ==> ignore
    arg [-plugin-opt=-pass-through=-lc] ==> ignore
    arg [-plugin-opt=-pass-through=-lgcc_s] ==> ignore
    arg [-plugin-opt=-pass-through=-lgcc] ==> ignore
    arg [--eh-frame-hdr] ==> ignore
    arg [-m] ==> ignore
    arg [elf_x86_64] ==> ignore
    arg [-dynamic-linker] ==> ignore
    arg [/lib64/ld-linux-x86-64.so.2] ==> ignore
    arg [-o] ==> ignore
    arg [cmTC_88ec3] ==> ignore
    arg [/usr/lib/../lib64/crt1.o] ==> ignore
    arg [/usr/lib/../lib64/crti.o] ==> ignore
    arg [/opt/cray/pe/gcc/11.2.0/snos/lib/gcc/x86_64-suse-linux/11.2.0/crtbegin.o] ==> ignore
    arg [-L/opt/cray/pe/gcc/11.2.0/snos/lib/gcc/x86_64-suse-linux/11.2.0] ==> dir [/opt/cray/pe/gcc/11.2.0/snos/lib/gcc/x86_64-suse-linux/11.2.0]
    arg [-L/opt/cray/pe/gcc/11.2.0/snos/lib/gcc/x86_64-suse-linux/11.2.0/../../../../lib64] ==> dir [/opt/cray/pe/gcc/11.2.0/snos/lib/gcc/x86_64-suse-linux/11.2.0/../../../../lib64]
    arg [-L/lib/../lib64] ==> dir [/lib/../lib64]
    arg [-L/usr/lib/../lib64] ==> dir [/usr/lib/../lib64]
    arg [-L/opt/cray/pe/gcc/11.2.0/snos/lib/gcc/x86_64-suse-linux/11.2.0/../../..] ==> dir [/opt/cray/pe/gcc/11.2.0/snos/lib/gcc/x86_64-suse-linux/11.2.0/../../..]
    arg [CMakeFiles/cmTC_88ec3.dir/CMakeCXXCompilerABI.cpp.o] ==> ignore
    arg [-lstdc++] ==> lib [stdc++]
    arg [-lm] ==> lib [m]
    arg [-lgcc_s] ==> lib [gcc_s]
    arg [-lgcc] ==> lib [gcc]
    arg [-lc] ==> lib [c]
    arg [-lgcc_s] ==> lib [gcc_s]
    arg [-lgcc] ==> lib [gcc]
    arg [/opt/cray/pe/gcc/11.2.0/snos/lib/gcc/x86_64-suse-linux/11.2.0/crtend.o] ==> ignore
    arg [/usr/lib/../lib64/crtn.o] ==> ignore
  collapse library dir [/opt/cray/pe/gcc/11.2.0/snos/lib/gcc/x86_64-suse-linux/11.2.0] ==> [/opt/cray/pe/gcc/11.2.0/snos/lib/gcc/x86_64-suse-linux/11.2.0]
  collapse library dir [/opt/cray/pe/gcc/11.2.0/snos/lib/gcc/x86_64-suse-linux/11.2.0/../../../../lib64] ==> [/opt/cray/pe/gcc/11.2.0/snos/lib64]
  collapse library dir [/lib/../lib64] ==> [/lib64]
  collapse library dir [/usr/lib/../lib64] ==> [/usr/lib64]
  collapse library dir [/opt/cray/pe/gcc/11.2.0/snos/lib/gcc/x86_64-suse-linux/11.2.0/../../..] ==> [/opt/cray/pe/gcc/11.2.0/snos/lib]
  implicit libs: [stdc++;m;gcc_s;gcc;c;gcc_s;gcc]
  implicit dirs: [/opt/cray/pe/gcc/11.2.0/snos/lib/gcc/x86_64-suse-linux/11.2.0;/opt/cray/pe/gcc/11.2.0/snos/lib64;/lib64;/usr/lib64;/opt/cray/pe/gcc/11.2.0/snos/lib]
  implicit fwks: []


The system is: Linux - 5.3.18-24.75_10.0.189-cray_shasta_c - x86_64
Compiling the CXX compiler identification source file "CMakeCXXCompilerId.cpp" succeeded.
Compiler: /opt/cray/pe/craype/2.7.14/bin/CC 
Build flags: -O3;-Wall;-Wextra
Id flags:  

The output was:
0


Compilation of the CXX compiler identification source "CMakeCXXCompilerId.cpp" produced "a.out"

The CXX compiler identification is GNU, found in "/home/yx7184/ADSALA/ADSALA/data_collect/real 500M new/CMakeFiles/3.21.4/CompilerIdCXX/a.out"

Detecting CXX compiler ABI info compiled with the following output:
Change Dir: /home/yx7184/ADSALA/ADSALA/data_collect/real 500M new/CMakeFiles/CMakeTmp

Run Build Command(s):/usr/bin/gmake -f Makefile cmTC_21a88/fast && /usr/bin/gmake  -f CMakeFiles/cmTC_21a88.dir/build.make CMakeFiles/cmTC_21a88.dir/build
gmake[1]: Entering directory '/home/yx7184/ADSALA/ADSALA/data_collect/real 500M new/CMakeFiles/CMakeTmp'
Building CXX object CMakeFiles/cmTC_21a88.dir/CMakeCXXCompilerABI.cpp.o
/opt/cray/pe/craype/2.7.14/bin/CC   -O3 -Wall -Wextra    -v -std=gnu++11 -o CMakeFiles/cmTC_21a88.dir/CMakeCXXCompilerABI.cpp.o -c /software/setonix/2022.05/software/cray-sles15-zen3/gcc-11.2.0/cmake-3.21.4-qmup63hgub4vfzjnn4cq2gs2pf4c7iyz/share/cmake-3.21/Modules/CMakeCXXCompilerABI.cpp
Using built-in specs.
COLLECT_GCC=/opt/cray/pe/gcc/11.2.0/bin/../snos/bin/g++
Target: x86_64-suse-linux
Configured with: ../cpe-gcc-11.2.0-202108140355.9bf1fd589a5c1/configure --prefix=/opt/cray/pe/gcc/11.2.0/snos --disable-nls --libdir=/opt/cray/pe/gcc/11.2.0/snos/lib --enable-languages=c,c++,fortran --with-gxx-include-dir=/opt/cray/pe/gcc/11.2.0/snos/include/g++ --with-slibdir=/opt/cray/pe/gcc/11.2.0/snos/lib --with-system-zlib --enable-shared --enable-__cxa_atexit --build=x86_64-suse-linux --with-ppl --with-cloog --disable-multilib
Thread model: posix
Supported LTO compression algorithms: zlib
gcc version 11.2.0 20210728 (Cray Inc.) (GCC) 
COLLECT_GCC_OPTIONS='-march=znver3' '-D' '__CRAY_X86_MILAN' '-D' '__CRAYXT_COMPUTE_LINUX_TARGET' '-D' '__TARGET_LINUX__' '-O3' '-Wall' '-Wextra' '-v' '-std=gnu++11' '-o' 'CMakeFiles/cmTC_21a88.dir/CMakeCXXCompilerABI.cpp.o' '-c' '-I' '/opt/cray/pe/mpich/8.1.14/ofi/gnu/9.1/include' '-I' '/opt/cray/pe/libsci/21.08.1.2/GNU/9.1/x86_64/include' '-I' '/opt/cray/pe/dsmml/0.2.2/dsmml//include' '-I' '/opt/cray/xpmem/2.2.40-2.1_2.56__g3cf3325.shasta/include' '-shared-libgcc' '-dumpdir' 'CMakeFiles/cmTC_21a88.dir/'
 /opt/cray/pe/gcc/11.2.0/snos/libexec/gcc/x86_64-suse-linux/11.2.0/cc1plus -quiet -v -I /opt/cray/pe/mpich/8.1.14/ofi/gnu/9.1/include -I /opt/cray/pe/libsci/21.08.1.2/GNU/9.1/x86_64/include -I /opt/cray/pe/dsmml/0.2.2/dsmml//include -I /opt/cray/xpmem/2.2.40-2.1_2.56__g3cf3325.shasta/include -D_GNU_SOURCE -D __CRAY_X86_MILAN -D __CRAYXT_COMPUTE_LINUX_TARGET -D __TARGET_LINUX__ /software/setonix/2022.05/software/cray-sles15-zen3/gcc-11.2.0/cmake-3.21.4-qmup63hgub4vfzjnn4cq2gs2pf4c7iyz/share/cmake-3.21/Modules/CMakeCXXCompilerABI.cpp -quiet -dumpdir CMakeFiles/cmTC_21a88.dir/ -dumpbase CMakeCXXCompilerABI.cpp.cpp -dumpbase-ext .cpp -march=znver3 -O3 -Wall -Wextra -std=gnu++11 -version -o /tmp/ccJ36Nfq.s
GNU C++11 (GCC) version 11.2.0 20210728 (Cray Inc.) (x86_64-suse-linux)
	compiled by GNU C version 11.2.0 20210728 (Cray Inc.), GMP version 6.0.0, MPFR version 3.1.3, MPC version 1.0.3, isl version isl-0.15-GMP

GGC heuristics: --param ggc-min-expand=100 --param ggc-min-heapsize=131072
ignoring nonexistent directory "/opt/cray/pe/gcc/11.2.0/snos/lib/gcc/x86_64-suse-linux/11.2.0/../../../../x86_64-suse-linux/include"
#include "..." search starts here:
#include <...> search starts here:
 /opt/cray/pe/mpich/8.1.14/ofi/gnu/9.1/include
 /opt/cray/pe/libsci/21.08.1.2/GNU/9.1/x86_64/include
 /opt/cray/pe/dsmml/0.2.2/dsmml//include
 /opt/cray/xpmem/2.2.40-2.1_2.56__g3cf3325.shasta/include
 /opt/cray/pe/gcc/11.2.0/snos/include/g++
 /opt/cray/pe/gcc/11.2.0/snos/include/g++/x86_64-suse-linux
 /opt/cray/pe/gcc/11.2.0/snos/include/g++/backward
 /opt/cray/pe/gcc/11.2.0/snos/lib/gcc/x86_64-suse-linux/11.2.0/include
 /usr/local/include
 /opt/cray/pe/gcc/11.2.0/snos/include
 /opt/cray/pe/gcc/11.2.0/snos/lib/gcc/x86_64-suse-linux/11.2.0/include-fixed
 /usr/include
End of search list.
GNU C++11 (GCC) version 11.2.0 20210728 (Cray Inc.) (x86_64-suse-linux)
	compiled by GNU C version 11.2.0 20210728 (Cray Inc.), GMP version 6.0.0, MPFR version 3.1.3, MPC version 1.0.3, isl version isl-0.15-GMP

GGC heuristics: --param ggc-min-expand=100 --param ggc-min-heapsize=131072
Compiler executable checksum: 3d4a383112e4401915c216e400980bff
COLLECT_GCC_OPTIONS='-march=znver3' '-D' '__CRAY_X86_MILAN' '-D' '__CRAYXT_COMPUTE_LINUX_TARGET' '-D' '__TARGET_LINUX__' '-O3' '-Wall' '-Wextra' '-v' '-std=gnu++11' '-o' 'CMakeFiles/cmTC_21a88.dir/CMakeCXXCompilerABI.cpp.o' '-c' '-I' '/opt/cray/pe/mpich/8.1.14/ofi/gnu/9.1/include' '-I' '/opt/cray/pe/libsci/21.08.1.2/GNU/9.1/x86_64/include' '-I' '/opt/cray/pe/dsmml/0.2.2/dsmml//include' '-I' '/opt/cray/xpmem/2.2.40-2.1_2.56__g3cf3325.shasta/include' '-shared-libgcc' '-dumpdir' 'CMakeFiles/cmTC_21a88.dir/'
 as -v -I /opt/cray/pe/mpich/8.1.14/ofi/gnu/9.1/include -I /opt/cray/pe/libsci/21.08.1.2/GNU/9.1/x86_64/include -I /opt/cray/pe/dsmml/0.2.2/dsmml//include -I /opt/cray/xpmem/2.2.40-2.1_2.56__g3cf3325.shasta/include --64 -o CMakeFiles/cmTC_21a88.dir/CMakeCXXCompilerABI.cpp.o /tmp/ccJ36Nfq.s
GNU assembler version 2.35.1 (x86_64-suse-linux) using BFD version (GNU Binutils; SUSE Linux Enterprise 15) 2.35.1.20201123-7.18
COMPILER_PATH=/opt/cray/pe/gcc/11.2.0/snos/libexec/gcc/x86_64-suse-linux/11.2.0/:/opt/cray/pe/gcc/11.2.0/snos/libexec/gcc/x86_64-suse-linux/11.2.0/:/opt/cray/pe/gcc/11.2.0/snos/libexec/gcc/x86_64-suse-linux/:/opt/cray/pe/gcc/11.2.0/snos/lib/gcc/x86_64-suse-linux/11.2.0/:/opt/cray/pe/gcc/11.2.0/snos/lib/gcc/x86_64-suse-linux/
LIBRARY_PATH=/opt/cray/pe/gcc/11.2.0/snos/lib/gcc/x86_64-suse-linux/11.2.0/:/opt/cray/pe/gcc/11.2.0/snos/lib/gcc/x86_64-suse-linux/11.2.0/../../../../lib64/:/lib/../lib64/:/usr/lib/../lib64/:/opt/cray/pe/gcc/11.2.0/snos/lib/gcc/x86_64-suse-linux/11.2.0/../../../:/lib/:/usr/lib/
COLLECT_GCC_OPTIONS='-march=znver3' '-D' '__CRAY_X86_MILAN' '-D' '__CRAYXT_COMPUTE_LINUX_TARGET' '-D' '__TARGET_LINUX__' '-O3' '-Wall' '-Wextra' '-v' '-std=gnu++11' '-o' 'CMakeFiles/cmTC_21a88.dir/CMakeCXXCompilerABI.cpp.o' '-c' '-I' '/opt/cray/pe/mpich/8.1.14/ofi/gnu/9.1/include' '-I' '/opt/cray/pe/libsci/21.08.1.2/GNU/9.1/x86_64/include' '-I' '/opt/cray/pe/dsmml/0.2.2/dsmml//include' '-I' '/opt/cray/xpmem/2.2.40-2.1_2.56__g3cf3325.shasta/include' '-shared-libgcc' '-dumpdir' 'CMakeFiles/cmTC_21a88.dir/CMakeCXXCompilerABI.cpp.'
Linking CXX executable cmTC_21a88
/software/setonix/2022.05/software/cray-sles15-zen3/gcc-11.2.0/cmake-3.21.4-qmup63hgub4vfzjnn4cq2gs2pf4c7iyz/bin/cmake -E cmake_link_script CMakeFiles/cmTC_21a88.dir/link.txt --verbose=1
/opt/cray/pe/craype/2.7.14/bin/CC -O3 -Wall -Wextra   -v CMakeFiles/cmTC_21a88.dir/CMakeCXXCompilerABI.cpp.o -o cmTC_21a88 
Using built-in specs.
COLLECT_GCC=/opt/cray/pe/gcc/11.2.0/bin/../snos/bin/g++
COLLECT_LTO_WRAPPER=/opt/cray/pe/gcc/11.2.0/snos/libexec/gcc/x86_64-suse-linux/11.2.0/lto-wrapper
Target: x86_64-suse-linux
Configured with: ../cpe-gcc-11.2.0-202108140355.9bf1fd589a5c1/configure --prefix=/opt/cray/pe/gcc/11.2.0/snos --disable-nls --libdir=/opt/cray/pe/gcc/11.2.0/snos/lib --enable-languages=c,c++,fortran --with-gxx-include-dir=/opt/cray/pe/gcc/11.2.0/snos/include/g++ --with-slibdir=/opt/cray/pe/gcc/11.2.0/snos/lib --with-system-zlib --enable-shared --enable-__cxa_atexit --build=x86_64-suse-linux --with-ppl --with-cloog --disable-multilib
Thread model: posix
Supported LTO compression algorithms: zlib
gcc version 11.2.0 20210728 (Cray Inc.) (GCC) 
COMPILER_PATH=/opt/cray/pe/gcc/11.2.0/snos/libexec/gcc/x86_64-suse-linux/11.2.0/:/opt/cray/pe/gcc/11.2.0/snos/libexec/gcc/x86_64-suse-linux/11.2.0/:/opt/cray/pe/gcc/11.2.0/snos/libexec/gcc/x86_64-suse-linux/:/opt/cray/pe/gcc/11.2.0/snos/lib/gcc/x86_64-suse-linux/11.2.0/:/opt/cray/pe/gcc/11.2.0/snos/lib/gcc/x86_64-suse-linux/
LIBRARY_PATH=/opt/cray/pe/gcc/11.2.0/snos/lib/gcc/x86_64-suse-linux/11.2.0/:/opt/cray/pe/gcc/11.2.0/snos/lib/gcc/x86_64-suse-linux/11.2.0/../../../../lib64/:/lib/../lib64/:/usr/lib/../lib64/:/opt/cray/pe/gcc/11.2.0/snos/lib/gcc/x86_64-suse-linux/11.2.0/../../../:/lib/:/usr/lib/
COLLECT_GCC_OPTIONS='-march=znver3' '-D' '__CRAY_X86_MILAN' '-D' '__CRAYXT_COMPUTE_LINUX_TARGET' '-D' '__TARGET_LINUX__' '-O3' '-Wall' '-Wextra' '-v' '-o' 'cmTC_21a88' '-I' '/opt/cray/pe/mpich/8.1.14/ofi/gnu/9.1/include' '-I' '/opt/cray/pe/libsci/21.08.1.2/GNU/9.1/x86_64/include' '-I' '/opt/cray/pe/dsmml/0.2.2/dsmml//include' '-I' '/opt/cray/xpmem/2.2.40-2.1_2.56__g3cf3325.shasta/include' '-L/opt/cray/pe/mpich/8.1.14/ofi/gnu/9.1/lib' '-L/opt/cray/pe/libsci/21.08.1.2/GNU/9.1/x86_64/lib' '-L/opt/cray/pe/dsmml/0.2.2/dsmml//lib' '-L/opt/cray/xpmem/2.2.40-2.1_2.56__g3cf3325.shasta/lib64' '-shared-libgcc' '-dumpdir' 'cmTC_21a88.'
 /opt/cray/pe/gcc/11.2.0/snos/libexec/gcc/x86_64-suse-linux/11.2.0/collect2 -plugin /opt/cray/pe/gcc/11.2.0/snos/libexec/gcc/x86_64-suse-linux/11.2.0/liblto_plugin.so -plugin-opt=/opt/cray/pe/gcc/11.2.0/snos/libexec/gcc/x86_64-suse-linux/11.2.0/lto-wrapper -plugin-opt=-fresolution=/tmp/ccAWwE2r.res -plugin-opt=-pass-through=-lgcc_s -plugin-opt=-pass-through=-lgcc -plugin-opt=-pass-through=-lc -plugin-opt=-pass-through=-lgcc_s -plugin-opt=-pass-through=-lgcc --eh-frame-hdr -m elf_x86_64 -dynamic-linker /lib64/ld-linux-x86-64.so.2 -o cmTC_21a88 /usr/lib/../lib64/crt1.o /usr/lib/../lib64/crti.o /opt/cray/pe/gcc/11.2.0/snos/lib/gcc/x86_64-suse-linux/11.2.0/crtbegin.o -L/opt/cray/pe/mpich/8.1.14/ofi/gnu/9.1/lib -L/opt/cray/pe/libsci/21.08.1.2/GNU/9.1/x86_64/lib -L/opt/cray/pe/dsmml/0.2.2/dsmml//lib -L/opt/cray/xpmem/2.2.40-2.1_2.56__g3cf3325.shasta/lib64 -L/opt/cray/pe/gcc/11.2.0/snos/lib/gcc/x86_64-suse-linux/11.2.0 -L/opt/cray/pe/gcc/11.2.0/snos/lib/gcc/x86_64-suse-linux/11.2.0/../../../../lib64 -L/lib/../lib64 -L/usr/lib/../lib64 -L/opt/cray/pe/gcc/11.2.0/snos/lib/gcc/x86_64-suse-linux/11.2.0/../../.. CMakeFiles/cmTC_21a88.dir/CMakeCXXCompilerABI.cpp.o -rpath=/opt/cray/pe/gcc-libs -Bdynamic --as-needed -lsci_gnu_82_mpi --no-as-needed --as-needed -lsci_gnu_82 --no-as-needed -ldl --as-needed -lmpi_gnu_91 --no-as-needed --as-needed -ldsmml --no-as-needed -lxpmem --as-needed -lgfortran -lquadmath --no-as-needed --as-needed -lmvec --no-as-needed --as-needed -lm --no-as-needed --as-needed -lpthread --no-as-needed --disable-new-dtags -lstdc++ -lm -lgcc_s -lgcc -lc -lgcc_s -lgcc /opt/cray/pe/gcc/11.2.0/snos/lib/gcc/x86_64-suse-linux/11.2.0/crtend.o /usr/lib/../lib64/crtn.o
COLLECT_GCC_OPTIONS='-march=znver3' '-D' '__CRAY_X86_MILAN' '-D' '__CRAYXT_COMPUTE_LINUX_TARGET' '-D' '__TARGET_LINUX__' '-O3' '-Wall' '-Wextra' '-v' '-o' 'cmTC_21a88' '-I' '/opt/cray/pe/mpich/8.1.14/ofi/gnu/9.1/include' '-I' '/opt/cray/pe/libsci/21.08.1.2/GNU/9.1/x86_64/include' '-I' '/opt/cray/pe/dsmml/0.2.2/dsmml//include' '-I' '/opt/cray/xpmem/2.2.40-2.1_2.56__g3cf3325.shasta/include' '-L/opt/cray/pe/mpich/8.1.14/ofi/gnu/9.1/lib' '-L/opt/cray/pe/libsci/21.08.1.2/GNU/9.1/x86_64/lib' '-L/opt/cray/pe/dsmml/0.2.2/dsmml//lib' '-L/opt/cray/xpmem/2.2.40-2.1_2.56__g3cf3325.shasta/lib64' '-shared-libgcc' '-dumpdir' 'cmTC_21a88.'
gmake[1]: Leaving directory '/home/yx7184/ADSALA/ADSALA/data_collect/real 500M new/CMakeFiles/CMakeTmp'



Parsed CXX implicit include dir info from above output: rv=done
  found start of include info
  found start of implicit include info
    add: [/opt/cray/pe/mpich/8.1.14/ofi/gnu/9.1/include]
    add: [/opt/cray/pe/libsci/21.08.1.2/GNU/9.1/x86_64/include]
    add: [/opt/cray/pe/dsmml/0.2.2/dsmml//include]
    add: [/opt/cray/xpmem/2.2.40-2.1_2.56__g3cf3325.shasta/include]
    add: [/opt/cray/pe/gcc/11.2.0/snos/include/g++]
    add: [/opt/cray/pe/gcc/11.2.0/snos/include/g++/x86_64-suse-linux]
    add: [/opt/cray/pe/gcc/11.2.0/snos/include/g++/backward]
    add: [/opt/cray/pe/gcc/11.2.0/snos/lib/gcc/x86_64-suse-linux/11.2.0/include]
    add: [/usr/local/include]
    add: [/opt/cray/pe/gcc/11.2.0/snos/include]
    add: [/opt/cray/pe/gcc/11.2.0/snos/lib/gcc/x86_64-suse-linux/11.2.0/include-fixed]
    add: [/usr/include]
  end of search list found
  collapse include dir [/opt/cray/pe/mpich/8.1.14/ofi/gnu/9.1/include] ==> [/opt/cray/pe/mpich/8.1.14/ofi/gnu/9.1/include]
  collapse include dir [/opt/cray/pe/libsci/21.08.1.2/GNU/9.1/x86_64/include] ==> [/opt/cray/pe/libsci/21.08.1.2/GNU/9.1/x86_64/include]
  collapse include dir [/opt/cray/pe/dsmml/0.2.2/dsmml//include] ==> [/opt/cray/pe/dsmml/0.2.2/dsmml/include]
  collapse include dir [/opt/cray/xpmem/2.2.40-2.1_2.56__g3cf3325.shasta/include] ==> [/opt/cray/xpmem/2.2.40-2.1_2.56__g3cf3325.shasta/include]
  collapse include dir [/opt/cray/pe/gcc/11.2.0/snos/include/g++] ==> [/opt/cray/pe/gcc/11.2.0/snos/include/g++]
  collapse include dir [/opt/cray/pe/gcc/11.2.0/snos/include/g++/x86_64-suse-linux] ==> [/opt/cray/pe/gcc/11.2.0/snos/include/g++/x86_64-suse-linux]
  collapse include dir [/opt/cray/pe/gcc/11.2.0/snos/include/g++/backward] ==> [/opt/cray/pe/gcc/11.2.0/snos/include/g++/backward]
  collapse include dir [/opt/cray/pe/gcc/11.2.0/snos/lib/gcc/x86_64-suse-linux/11.2.0/include] ==> [/opt/cray/pe/gcc/11.2.0/snos/lib/gcc/x86_64-suse-linux/11.2.0/include]
  collapse include dir [/usr/local/include] ==> [/usr/local/include]
  collapse include dir [/opt/cray/pe/gcc/11.2.0/snos/include] ==> [/opt/cray/pe/gcc/11.2.0/snos/include]
  collapse include dir [/opt/cray/pe/gcc/11.2.0/snos/lib/gcc/x86_64-suse-linux/11.2.0/include-fixed] ==> [/opt/cray/pe/gcc/11.2.0/snos/lib/gcc/x86_64-suse-linux/11.2.0/include-fixed]
  collapse include dir [/usr/include] ==> [/usr/include]
  implicit include dirs: [/opt/cray/pe/mpich/8.1.14/ofi/gnu/9.1/include;/opt/cray/pe/libsci/21.08.1.2/GNU/9.1/x86_64/include;/opt/cray/pe/dsmml/0.2.2/dsmml/include;/opt/cray/xpmem/2.2.40-2.1_2.56__g3cf3325.shasta/include;/opt/cray/pe/gcc/11.2.0/snos/include/g++;/opt/cray/pe/gcc/11.2.0/snos/include/g++/x86_64-suse-linux;/opt/cray/pe/gcc/11.2.0/snos/include/g++/backward;/opt/cray/pe/gcc/11.2.0/snos/lib/gcc/x86_64-suse-linux/11.2.0/include;/usr/local/include;/opt/cray/pe/gcc/11.2.0/snos/include;/opt/cray/pe/gcc/11.2.0/snos/lib/gcc/x86_64-suse-linux/11.2.0/include-fixed;/usr/include]


Parsed CXX implicit link information from above output:
  link line regex: [^( *|.*[/\])(ld|CMAKE_LINK_STARTFILE-NOTFOUND|([^/\]+-)?ld|collect2)[^/\]*( |$)]
  ignore line: [Change Dir: /home/yx7184/ADSALA/ADSALA/data_collect/real 500M new/CMakeFiles/CMakeTmp]
  ignore line: []
  ignore line: [Run Build Command(s):/usr/bin/gmake -f Makefile cmTC_21a88/fast && /usr/bin/gmake  -f CMakeFiles/cmTC_21a88.dir/build.make CMakeFiles/cmTC_21a88.dir/build]
  ignore line: [gmake[1]: Entering directory '/home/yx7184/ADSALA/ADSALA/data_collect/real 500M new/CMakeFiles/CMakeTmp']
  ignore line: [Building CXX object CMakeFiles/cmTC_21a88.dir/CMakeCXXCompilerABI.cpp.o]
  ignore line: [/opt/cray/pe/craype/2.7.14/bin/CC   -O3 -Wall -Wextra    -v -std=gnu++11 -o CMakeFiles/cmTC_21a88.dir/CMakeCXXCompilerABI.cpp.o -c /software/setonix/2022.05/software/cray-sles15-zen3/gcc-11.2.0/cmake-3.21.4-qmup63hgub4vfzjnn4cq2gs2pf4c7iyz/share/cmake-3.21/Modules/CMakeCXXCompilerABI.cpp]
  ignore line: [Using built-in specs.]
  ignore line: [COLLECT_GCC=/opt/cray/pe/gcc/11.2.0/bin/../snos/bin/g++]
  ignore line: [Target: x86_64-suse-linux]
  ignore line: [Configured with: ../cpe-gcc-11.2.0-202108140355.9bf1fd589a5c1/configure --prefix=/opt/cray/pe/gcc/11.2.0/snos --disable-nls --libdir=/opt/cray/pe/gcc/11.2.0/snos/lib --enable-languages=c c++ fortran --with-gxx-include-dir=/opt/cray/pe/gcc/11.2.0/snos/include/g++ --with-slibdir=/opt/cray/pe/gcc/11.2.0/snos/lib --with-system-zlib --enable-shared --enable-__cxa_atexit --build=x86_64-suse-linux --with-ppl --with-cloog --disable-multilib]
  ignore line: [Thread model: posix]
  ignore line: [Supported LTO compression algorithms: zlib]
  ignore line: [gcc version 11.2.0 20210728 (Cray Inc.) (GCC) ]
  ignore line: [COLLECT_GCC_OPTIONS='-march=znver3' '-D' '__CRAY_X86_MILAN' '-D' '__CRAYXT_COMPUTE_LINUX_TARGET' '-D' '__TARGET_LINUX__' '-O3' '-Wall' '-Wextra' '-v' '-std=gnu++11' '-o' 'CMakeFiles/cmTC_21a88.dir/CMakeCXXCompilerABI.cpp.o' '-c' '-I' '/opt/cray/pe/mpich/8.1.14/ofi/gnu/9.1/include' '-I' '/opt/cray/pe/libsci/21.08.1.2/GNU/9.1/x86_64/include' '-I' '/opt/cray/pe/dsmml/0.2.2/dsmml//include' '-I' '/opt/cray/xpmem/2.2.40-2.1_2.56__g3cf3325.shasta/include' '-shared-libgcc' '-dumpdir' 'CMakeFiles/cmTC_21a88.dir/']
  ignore line: [ /opt/cray/pe/gcc/11.2.0/snos/libexec/gcc/x86_64-suse-linux/11.2.0/cc1plus -quiet -v -I /opt/cray/pe/mpich/8.1.14/ofi/gnu/9.1/include -I /opt/cray/pe/libsci/21.08.1.2/GNU/9.1/x86_64/include -I /opt/cray/pe/dsmml/0.2.2/dsmml//include -I /opt/cray/xpmem/2.2.40-2.1_2.56__g3cf3325.shasta/include -D_GNU_SOURCE -D __CRAY_X86_MILAN -D __CRAYXT_COMPUTE_LINUX_TARGET -D __TARGET_LINUX__ /software/setonix/2022.05/software/cray-sles15-zen3/gcc-11.2.0/cmake-3.21.4-qmup63hgub4vfzjnn4cq2gs2pf4c7iyz/share/cmake-3.21/Modules/CMakeCXXCompilerABI.cpp -quiet -dumpdir CMakeFiles/cmTC_21a88.dir/ -dumpbase CMakeCXXCompilerABI.cpp.cpp -dumpbase-ext .cpp -march=znver3 -O3 -Wall -Wextra -std=gnu++11 -version -o /tmp/ccJ36Nfq.s]
  ignore line: [GNU C++11 (GCC) version 11.2.0 20210728 (Cray Inc.) (x86_64-suse-linux)]
  ignore line: [	compiled by GNU C version 11.2.0 20210728 (Cray Inc.)  GMP version 6.0.0  MPFR version 3.1.3  MPC version 1.0.3  isl version isl-0.15-GMP]
  ignore line: []
  ignore line: [GGC heuristics: --param ggc-min-expand=100 --param ggc-min-heapsize=131072]
  ignore line: [ignoring nonexistent directory "/opt/cray/pe/gcc/11.2.0/snos/lib/gcc/x86_64-suse-linux/11.2.0/../../../../x86_64-suse-linux/include"]
  ignore line: [#include "..." search starts here:]
  ignore line: [#include <...> search starts here:]
  ignore line: [ /opt/cray/pe/mpich/8.1.14/ofi/gnu/9.1/include]
  ignore line: [ /opt/cray/pe/libsci/21.08.1.2/GNU/9.1/x86_64/include]
  ignore line: [ /opt/cray/pe/dsmml/0.2.2/dsmml//include]
  ignore line: [ /opt/cray/xpmem/2.2.40-2.1_2.56__g3cf3325.shasta/include]
  ignore line: [ /opt/cray/pe/gcc/11.2.0/snos/include/g++]
  ignore line: [ /opt/cray/pe/gcc/11.2.0/snos/include/g++/x86_64-suse-linux]
  ignore line: [ /opt/cray/pe/gcc/11.2.0/snos/include/g++/backward]
  ignore line: [ /opt/cray/pe/gcc/11.2.0/snos/lib/gcc/x86_64-suse-linux/11.2.0/include]
  ignore line: [ /usr/local/include]
  ignore line: [ /opt/cray/pe/gcc/11.2.0/snos/include]
  ignore line: [ /opt/cray/pe/gcc/11.2.0/snos/lib/gcc/x86_64-suse-linux/11.2.0/include-fixed]
  ignore line: [ /usr/include]
  ignore line: [End of search list.]
  ignore line: [GNU C++11 (GCC) version 11.2.0 20210728 (Cray Inc.) (x86_64-suse-linux)]
  ignore line: [	compiled by GNU C version 11.2.0 20210728 (Cray Inc.)  GMP version 6.0.0  MPFR version 3.1.3  MPC version 1.0.3  isl version isl-0.15-GMP]
  ignore line: []
  ignore line: [GGC heuristics: --param ggc-min-expand=100 --param ggc-min-heapsize=131072]
  ignore line: [Compiler executable checksum: 3d4a383112e4401915c216e400980bff]
  ignore line: [COLLECT_GCC_OPTIONS='-march=znver3' '-D' '__CRAY_X86_MILAN' '-D' '__CRAYXT_COMPUTE_LINUX_TARGET' '-D' '__TARGET_LINUX__' '-O3' '-Wall' '-Wextra' '-v' '-std=gnu++11' '-o' 'CMakeFiles/cmTC_21a88.dir/CMakeCXXCompilerABI.cpp.o' '-c' '-I' '/opt/cray/pe/mpich/8.1.14/ofi/gnu/9.1/include' '-I' '/opt/cray/pe/libsci/21.08.1.2/GNU/9.1/x86_64/include' '-I' '/opt/cray/pe/dsmml/0.2.2/dsmml//include' '-I' '/opt/cray/xpmem/2.2.40-2.1_2.56__g3cf3325.shasta/include' '-shared-libgcc' '-dumpdir' 'CMakeFiles/cmTC_21a88.dir/']
  ignore line: [ as -v -I /opt/cray/pe/mpich/8.1.14/ofi/gnu/9.1/include -I /opt/cray/pe/libsci/21.08.1.2/GNU/9.1/x86_64/include -I /opt/cray/pe/dsmml/0.2.2/dsmml//include -I /opt/cray/xpmem/2.2.40-2.1_2.56__g3cf3325.shasta/include --64 -o CMakeFiles/cmTC_21a88.dir/CMakeCXXCompilerABI.cpp.o /tmp/ccJ36Nfq.s]
  ignore line: [GNU assembler version 2.35.1 (x86_64-suse-linux) using BFD version (GNU Binutils]
  ignore line: [ SUSE Linux Enterprise 15) 2.35.1.20201123-7.18]
  ignore line: [COMPILER_PATH=/opt/cray/pe/gcc/11.2.0/snos/libexec/gcc/x86_64-suse-linux/11.2.0/:/opt/cray/pe/gcc/11.2.0/snos/libexec/gcc/x86_64-suse-linux/11.2.0/:/opt/cray/pe/gcc/11.2.0/snos/libexec/gcc/x86_64-suse-linux/:/opt/cray/pe/gcc/11.2.0/snos/lib/gcc/x86_64-suse-linux/11.2.0/:/opt/cray/pe/gcc/11.2.0/snos/lib/gcc/x86_64-suse-linux/]
  ignore line: [LIBRARY_PATH=/opt/cray/pe/gcc/11.2.0/snos/lib/gcc/x86_64-suse-linux/11.2.0/:/opt/cray/pe/gcc/11.2.0/snos/lib/gcc/x86_64-suse-linux/11.2.0/../../../../lib64/:/lib/../lib64/:/usr/lib/../lib64/:/opt/cray/pe/gcc/11.2.0/snos/lib/gcc/x86_64-suse-linux/11.2.0/../../../:/lib/:/usr/lib/]
  ignore line: [COLLECT_GCC_OPTIONS='-march=znver3' '-D' '__CRAY_X86_MILAN' '-D' '__CRAYXT_COMPUTE_LINUX_TARGET' '-D' '__TARGET_LINUX__' '-O3' '-Wall' '-Wextra' '-v' '-std=gnu++11' '-o' 'CMakeFiles/cmTC_21a88.dir/CMakeCXXCompilerABI.cpp.o' '-c' '-I' '/opt/cray/pe/mpich/8.1.14/ofi/gnu/9.1/include' '-I' '/opt/cray/pe/libsci/21.08.1.2/GNU/9.1/x86_64/include' '-I' '/opt/cray/pe/dsmml/0.2.2/dsmml//include' '-I' '/opt/cray/xpmem/2.2.40-2.1_2.56__g3cf3325.shasta/include' '-shared-libgcc' '-dumpdir' 'CMakeFiles/cmTC_21a88.dir/CMakeCXXCompilerABI.cpp.']
  ignore line: [Linking CXX executable cmTC_21a88]
  ignore line: [/software/setonix/2022.05/software/cray-sles15-zen3/gcc-11.2.0/cmake-3.21.4-qmup63hgub4vfzjnn4cq2gs2pf4c7iyz/bin/cmake -E cmake_link_script CMakeFiles/cmTC_21a88.dir/link.txt --verbose=1]
  ignore line: [/opt/cray/pe/craype/2.7.14/bin/CC -O3 -Wall -Wextra   -v CMakeFiles/cmTC_21a88.dir/CMakeCXXCompilerABI.cpp.o -o cmTC_21a88 ]
  ignore line: [Using built-in specs.]
  ignore line: [COLLECT_GCC=/opt/cray/pe/gcc/11.2.0/bin/../snos/bin/g++]
  ignore line: [COLLECT_LTO_WRAPPER=/opt/cray/pe/gcc/11.2.0/snos/libexec/gcc/x86_64-suse-linux/11.2.0/lto-wrapper]
  ignore line: [Target: x86_64-suse-linux]
  ignore line: [Configured with: ../cpe-gcc-11.2.0-202108140355.9bf1fd589a5c1/configure --prefix=/opt/cray/pe/gcc/11.2.0/snos --disable-nls --libdir=/opt/cray/pe/gcc/11.2.0/snos/lib --enable-languages=c c++ fortran --with-gxx-include-dir=/opt/cray/pe/gcc/11.2.0/snos/include/g++ --with-slibdir=/opt/cray/pe/gcc/11.2.0/snos/lib --with-system-zlib --enable-shared --enable-__cxa_atexit --build=x86_64-suse-linux --with-ppl --with-cloog --disable-multilib]
  ignore line: [Thread model: posix]
  ignore line: [Supported LTO compression algorithms: zlib]
  ignore line: [gcc version 11.2.0 20210728 (Cray Inc.) (GCC) ]
  ignore line: [COMPILER_PATH=/opt/cray/pe/gcc/11.2.0/snos/libexec/gcc/x86_64-suse-linux/11.2.0/:/opt/cray/pe/gcc/11.2.0/snos/libexec/gcc/x86_64-suse-linux/11.2.0/:/opt/cray/pe/gcc/11.2.0/snos/libexec/gcc/x86_64-suse-linux/:/opt/cray/pe/gcc/11.2.0/snos/lib/gcc/x86_64-suse-linux/11.2.0/:/opt/cray/pe/gcc/11.2.0/snos/lib/gcc/x86_64-suse-linux/]
  ignore line: [LIBRARY_PATH=/opt/cray/pe/gcc/11.2.0/snos/lib/gcc/x86_64-suse-linux/11.2.0/:/opt/cray/pe/gcc/11.2.0/snos/lib/gcc/x86_64-suse-linux/11.2.0/../../../../lib64/:/lib/../lib64/:/usr/lib/../lib64/:/opt/cray/pe/gcc/11.2.0/snos/lib/gcc/x86_64-suse-linux/11.2.0/../../../:/lib/:/usr/lib/]
  ignore line: [COLLECT_GCC_OPTIONS='-march=znver3' '-D' '__CRAY_X86_MILAN' '-D' '__CRAYXT_COMPUTE_LINUX_TARGET' '-D' '__TARGET_LINUX__' '-O3' '-Wall' '-Wextra' '-v' '-o' 'cmTC_21a88' '-I' '/opt/cray/pe/mpich/8.1.14/ofi/gnu/9.1/include' '-I' '/opt/cray/pe/libsci/21.08.1.2/GNU/9.1/x86_64/include' '-I' '/opt/cray/pe/dsmml/0.2.2/dsmml//include' '-I' '/opt/cray/xpmem/2.2.40-2.1_2.56__g3cf3325.shasta/include' '-L/opt/cray/pe/mpich/8.1.14/ofi/gnu/9.1/lib' '-L/opt/cray/pe/libsci/21.08.1.2/GNU/9.1/x86_64/lib' '-L/opt/cray/pe/dsmml/0.2.2/dsmml//lib' '-L/opt/cray/xpmem/2.2.40-2.1_2.56__g3cf3325.shasta/lib64' '-shared-libgcc' '-dumpdir' 'cmTC_21a88.']
  link line: [ /opt/cray/pe/gcc/11.2.0/snos/libexec/gcc/x86_64-suse-linux/11.2.0/collect2 -plugin /opt/cray/pe/gcc/11.2.0/snos/libexec/gcc/x86_64-suse-linux/11.2.0/liblto_plugin.so -plugin-opt=/opt/cray/pe/gcc/11.2.0/snos/libexec/gcc/x86_64-suse-linux/11.2.0/lto-wrapper -plugin-opt=-fresolution=/tmp/ccAWwE2r.res -plugin-opt=-pass-through=-lgcc_s -plugin-opt=-pass-through=-lgcc -plugin-opt=-pass-through=-lc -plugin-opt=-pass-through=-lgcc_s -plugin-opt=-pass-through=-lgcc --eh-frame-hdr -m elf_x86_64 -dynamic-linker /lib64/ld-linux-x86-64.so.2 -o cmTC_21a88 /usr/lib/../lib64/crt1.o /usr/lib/../lib64/crti.o /opt/cray/pe/gcc/11.2.0/snos/lib/gcc/x86_64-suse-linux/11.2.0/crtbegin.o -L/opt/cray/pe/mpich/8.1.14/ofi/gnu/9.1/lib -L/opt/cray/pe/libsci/21.08.1.2/GNU/9.1/x86_64/lib -L/opt/cray/pe/dsmml/0.2.2/dsmml//lib -L/opt/cray/xpmem/2.2.40-2.1_2.56__g3cf3325.shasta/lib64 -L/opt/cray/pe/gcc/11.2.0/snos/lib/gcc/x86_64-suse-linux/11.2.0 -L/opt/cray/pe/gcc/11.2.0/snos/lib/gcc/x86_64-suse-linux/11.2.0/../../../../lib64 -L/lib/../lib64 -L/usr/lib/../lib64 -L/opt/cray/pe/gcc/11.2.0/snos/lib/gcc/x86_64-suse-linux/11.2.0/../../.. CMakeFiles/cmTC_21a88.dir/CMakeCXXCompilerABI.cpp.o -rpath=/opt/cray/pe/gcc-libs -Bdynamic --as-needed -lsci_gnu_82_mpi --no-as-needed --as-needed -lsci_gnu_82 --no-as-needed -ldl --as-needed -lmpi_gnu_91 --no-as-needed --as-needed -ldsmml --no-as-needed -lxpmem --as-needed -lgfortran -lquadmath --no-as-needed --as-needed -lmvec --no-as-needed --as-needed -lm --no-as-needed --as-needed -lpthread --no-as-needed --disable-new-dtags -lstdc++ -lm -lgcc_s -lgcc -lc -lgcc_s -lgcc /opt/cray/pe/gcc/11.2.0/snos/lib/gcc/x86_64-suse-linux/11.2.0/crtend.o /usr/lib/../lib64/crtn.o]
    arg [/opt/cray/pe/gcc/11.2.0/snos/libexec/gcc/x86_64-suse-linux/11.2.0/collect2] ==> ignore
    arg [-plugin] ==> ignore
    arg [/opt/cray/pe/gcc/11.2.0/snos/libexec/gcc/x86_64-suse-linux/11.2.0/liblto_plugin.so] ==> ignore
    arg [-plugin-opt=/opt/cray/pe/gcc/11.2.0/snos/libexec/gcc/x86_64-suse-linux/11.2.0/lto-wrapper] ==> ignore
    arg [-plugin-opt=-fresolution=/tmp/ccAWwE2r.res] ==> ignore
    arg [-plugin-opt=-pass-through=-lgcc_s] ==> ignore
    arg [-plugin-opt=-pass-through=-lgcc] ==> ignore
    arg [-plugin-opt=-pass-through=-lc] ==> ignore
    arg [-plugin-opt=-pass-through=-lgcc_s] ==> ignore
    arg [-plugin-opt=-pass-through=-lgcc] ==> ignore
    arg [--eh-frame-hdr] ==> ignore
    arg [-m] ==> ignore
    arg [elf_x86_64] ==> ignore
    arg [-dynamic-linker] ==> ignore
    arg [/lib64/ld-linux-x86-64.so.2] ==> ignore
    arg [-o] ==> ignore
    arg [cmTC_21a88] ==> ignore
    arg [/usr/lib/../lib64/crt1.o] ==> obj [/usr/lib/../lib64/crt1.o]
    arg [/usr/lib/../lib64/crti.o] ==> obj [/usr/lib/../lib64/crti.o]
    arg [/opt/cray/pe/gcc/11.2.0/snos/lib/gcc/x86_64-suse-linux/11.2.0/crtbegin.o] ==> obj [/opt/cray/pe/gcc/11.2.0/snos/lib/gcc/x86_64-suse-linux/11.2.0/crtbegin.o]
    arg [-L/opt/cray/pe/mpich/8.1.14/ofi/gnu/9.1/lib] ==> dir [/opt/cray/pe/mpich/8.1.14/ofi/gnu/9.1/lib]
    arg [-L/opt/cray/pe/libsci/21.08.1.2/GNU/9.1/x86_64/lib] ==> dir [/opt/cray/pe/libsci/21.08.1.2/GNU/9.1/x86_64/lib]
    arg [-L/opt/cray/pe/dsmml/0.2.2/dsmml//lib] ==> dir [/opt/cray/pe/dsmml/0.2.2/dsmml//lib]
    arg [-L/opt/cray/xpmem/2.2.40-2.1_2.56__g3cf3325.shasta/lib64] ==> dir [/opt/cray/xpmem/2.2.40-2.1_2.56__g3cf3325.shasta/lib64]
    arg [-L/opt/cray/pe/gcc/11.2.0/snos/lib/gcc/x86_64-suse-linux/11.2.0] ==> dir [/opt/cray/pe/gcc/11.2.0/snos/lib/gcc/x86_64-suse-linux/11.2.0]
    arg [-L/opt/cray/pe/gcc/11.2.0/snos/lib/gcc/x86_64-suse-linux/11.2.0/../../../../lib64] ==> dir [/opt/cray/pe/gcc/11.2.0/snos/lib/gcc/x86_64-suse-linux/11.2.0/../../../../lib64]
    arg [-L/lib/../lib64] ==> dir [/lib/../lib64]
    arg [-L/usr/lib/../lib64] ==> dir [/usr/lib/../lib64]
    arg [-L/opt/cray/pe/gcc/11.2.0/snos/lib/gcc/x86_64-suse-linux/11.2.0/../../..] ==> dir [/opt/cray/pe/gcc/11.2.0/snos/lib/gcc/x86_64-suse-linux/11.2.0/../../..]
    arg [CMakeFiles/cmTC_21a88.dir/CMakeCXXCompilerABI.cpp.o] ==> ignore
    arg [-rpath=/opt/cray/pe/gcc-libs] ==> ignore
    arg [-Bdynamic] ==> search dynamic
    arg [--as-needed] ==> ignore
    arg [-lsci_gnu_82_mpi] ==> lib [sci_gnu_82_mpi]
    arg [--no-as-needed] ==> ignore
    arg [--as-needed] ==> ignore
    arg [-lsci_gnu_82] ==> lib [sci_gnu_82]
    arg [--no-as-needed] ==> ignore
    arg [-ldl] ==> lib [dl]
    arg [--as-needed] ==> ignore
    arg [-lmpi_gnu_91] ==> lib [mpi_gnu_91]
    arg [--no-as-needed] ==> ignore
    arg [--as-needed] ==> ignore
    arg [-ldsmml] ==> lib [dsmml]
    arg [--no-as-needed] ==> ignore
    arg [-lxpmem] ==> lib [xpmem]
    arg [--as-needed] ==> ignore
    arg [-lgfortran] ==> lib [gfortran]
    arg [-lquadmath] ==> lib [quadmath]
    arg [--no-as-needed] ==> ignore
    arg [--as-needed] ==> ignore
    arg [-lmvec] ==> lib [mvec]
    arg [--no-as-needed] ==> ignore
    arg [--as-needed] ==> ignore
    arg [-lm] ==> lib [m]
    arg [--no-as-needed] ==> ignore
    arg [--as-needed] ==> ignore
    arg [-lpthread] ==> lib [pthread]
    arg [--no-as-needed] ==> ignore
    arg [--disable-new-dtags] ==> ignore
    arg [-lstdc++] ==> lib [stdc++]
    arg [-lm] ==> lib [m]
    arg [-lgcc_s] ==> lib [gcc_s]
    arg [-lgcc] ==> lib [gcc]
    arg [-lc] ==> lib [c]
    arg [-lgcc_s] ==> lib [gcc_s]
    arg [-lgcc] ==> lib [gcc]
    arg [/opt/cray/pe/gcc/11.2.0/snos/lib/gcc/x86_64-suse-linux/11.2.0/crtend.o] ==> obj [/opt/cray/pe/gcc/11.2.0/snos/lib/gcc/x86_64-suse-linux/11.2.0/crtend.o]
    arg [/usr/lib/../lib64/crtn.o] ==> obj [/usr/lib/../lib64/crtn.o]
  collapse obj [/usr/lib/../lib64/crt1.o] ==> [/usr/lib64/crt1.o]
  collapse obj [/usr/lib/../lib64/crti.o] ==> [/usr/lib64/crti.o]
  collapse obj [/usr/lib/../lib64/crtn.o] ==> [/usr/lib64/crtn.o]
  collapse library dir [/opt/cray/pe/mpich/8.1.14/ofi/gnu/9.1/lib] ==> [/opt/cray/pe/mpich/8.1.14/ofi/gnu/9.1/lib]
  collapse library dir [/opt/cray/pe/libsci/21.08.1.2/GNU/9.1/x86_64/lib] ==> [/opt/cray/pe/libsci/21.08.1.2/GNU/9.1/x86_64/lib]
  collapse library dir [/opt/cray/pe/dsmml/0.2.2/dsmml//lib] ==> [/opt/cray/pe/dsmml/0.2.2/dsmml/lib]
  collapse library dir [/opt/cray/xpmem/2.2.40-2.1_2.56__g3cf3325.shasta/lib64] ==> [/opt/cray/xpmem/2.2.40-2.1_2.56__g3cf3325.shasta/lib64]
  collapse library dir [/opt/cray/pe/gcc/11.2.0/snos/lib/gcc/x86_64-suse-linux/11.2.0] ==> [/opt/cray/pe/gcc/11.2.0/snos/lib/gcc/x86_64-suse-linux/11.2.0]
  collapse library dir [/opt/cray/pe/gcc/11.2.0/snos/lib/gcc/x86_64-suse-linux/11.2.0/../../../../lib64] ==> [/opt/cray/pe/gcc/11.2.0/snos/lib64]
  collapse library dir [/lib/../lib64] ==> [/lib64]
  collapse library dir [/usr/lib/../lib64] ==> [/usr/lib64]
  collapse library dir [/opt/cray/pe/gcc/11.2.0/snos/lib/gcc/x86_64-suse-linux/11.2.0/../../..] ==> [/opt/cray/pe/gcc/11.2.0/snos/lib]
  implicit libs: [sci_gnu_82_mpi;sci_gnu_82;dl;mpi_gnu_91;dsmml;xpmem;gfortran;quadmath;mvec;m;pthread;stdc++;m;gcc_s;gcc;c;gcc_s;gcc]
  implicit objs: [/usr/lib64/crt1.o;/usr/lib64/crti.o;/opt/cray/pe/gcc/11.2.0/snos/lib/gcc/x86_64-suse-linux/11.2.0/crtbegin.o;/opt/cray/pe/gcc/11.2.0/snos/lib/gcc/x86_64-suse-linux/11.2.0/crtend.o;/usr/lib64/crtn.o]
  implicit dirs: [/opt/cray/pe/mpich/8.1.14/ofi/gnu/9.1/lib;/opt/cray/pe/libsci/21.08.1.2/GNU/9.1/x86_64/lib;/opt/cray/pe/dsmml/0.2.2/dsmml/lib;/opt/cray/xpmem/2.2.40-2.1_2.56__g3cf3325.shasta/lib64;/opt/cray/pe/gcc/11.2.0/snos/lib/gcc/x86_64-suse-linux/11.2.0;/opt/cray/pe/gcc/11.2.0/snos/lib64;/lib64;/usr/lib64;/opt/cray/pe/gcc/11.2.0/snos/lib]
  implicit fwks: []


